2017-06-16 01:58:41.320+0000 WARN [o.n.i.p.PageCache] The dbms.memory.pagecache.size setting has not been configured. It is recommended that this setting is always explicitly configured, to ensure the system has a balanced configuration. Until then, a computed heuristic value of 13340360704 bytes will be used instead. 
2017-06-16 01:58:41.460+0000 INFO [o.n.k.i.f.CommunityEditionModule] No locking implementation specified, defaulting to 'community'
2017-06-16 01:58:41.912+0000 INFO [o.n.k.AvailabilityGuard] Requirement makes database unavailable: Database available
2017-06-16 01:58:41.926+0000 INFO [o.n.k.i.DiagnosticsManager] --- INITIALIZED diagnostics START ---
2017-06-16 01:58:41.926+0000 INFO [o.n.k.i.DiagnosticsManager] Neo4j Kernel properties:
2017-06-16 01:58:41.926+0000 INFO [o.n.k.i.DiagnosticsManager] dbms.connector.http.enabled=true
2017-06-16 01:58:41.926+0000 INFO [o.n.k.i.DiagnosticsManager] dbms.security.auth_enabled=true
2017-06-16 01:58:41.926+0000 INFO [o.n.k.i.DiagnosticsManager] dbms.connector.bolt.type=BOLT
2017-06-16 01:58:41.926+0000 INFO [o.n.k.i.DiagnosticsManager] unsupported.dbms.directories.neo4j_home=C:\Users\Skip McNeill\Documents\dev\storygen\resources\neo4j.graphdb
2017-06-16 01:58:41.926+0000 INFO [o.n.k.i.DiagnosticsManager] dbms.directories.import=import
2017-06-16 01:58:41.926+0000 INFO [o.n.k.i.DiagnosticsManager] dbms.connector.https.enabled=true
2017-06-16 01:58:41.926+0000 INFO [o.n.k.i.DiagnosticsManager] dbms.connector.http.type=HTTP
2017-06-16 01:58:41.926+0000 INFO [o.n.k.i.DiagnosticsManager] unsupported.dbms.directories.database=C:\Users\Skip McNeill\Documents\dev\storygen\resources\neo4j.graphdb
2017-06-16 01:58:41.926+0000 INFO [o.n.k.i.DiagnosticsManager] dbms.logs.http.enabled=false
2017-06-16 01:58:41.927+0000 INFO [o.n.k.i.DiagnosticsManager] dbms.connector.https.type=HTTP
2017-06-16 01:58:41.927+0000 INFO [o.n.k.i.DiagnosticsManager] unsupported.dbms.edition=community
2017-06-16 01:58:41.927+0000 INFO [o.n.k.i.DiagnosticsManager] dbms.connector.bolt.enabled=true
2017-06-16 01:58:41.927+0000 INFO [o.n.k.i.DiagnosticsManager] Diagnostics providers:
2017-06-16 01:58:41.927+0000 INFO [o.n.k.i.DiagnosticsManager] org.neo4j.kernel.configuration.Config
2017-06-16 01:58:41.927+0000 INFO [o.n.k.i.DiagnosticsManager] org.neo4j.kernel.info.DiagnosticsManager
2017-06-16 01:58:41.927+0000 INFO [o.n.k.i.DiagnosticsManager] SYSTEM_MEMORY
2017-06-16 01:58:41.927+0000 INFO [o.n.k.i.DiagnosticsManager] JAVA_MEMORY
2017-06-16 01:58:41.927+0000 INFO [o.n.k.i.DiagnosticsManager] OPERATING_SYSTEM
2017-06-16 01:58:41.927+0000 INFO [o.n.k.i.DiagnosticsManager] JAVA_VIRTUAL_MACHINE
2017-06-16 01:58:41.927+0000 INFO [o.n.k.i.DiagnosticsManager] CLASSPATH
2017-06-16 01:58:41.927+0000 INFO [o.n.k.i.DiagnosticsManager] LIBRARY_PATH
2017-06-16 01:58:41.927+0000 INFO [o.n.k.i.DiagnosticsManager] SYSTEM_PROPERTIES
2017-06-16 01:58:41.927+0000 INFO [o.n.k.i.DiagnosticsManager] NETWORK
2017-06-16 01:58:41.927+0000 INFO [o.n.k.i.DiagnosticsManager] System memory information:
2017-06-16 01:58:41.941+0000 INFO [o.n.k.i.DiagnosticsManager] Total Physical memory: 31.95 GB
2017-06-16 01:58:41.941+0000 INFO [o.n.k.i.DiagnosticsManager] Free Physical memory: 27.00 GB
2017-06-16 01:58:41.941+0000 INFO [o.n.k.i.DiagnosticsManager] Committed virtual memory: 1.10 GB
2017-06-16 01:58:41.941+0000 INFO [o.n.k.i.DiagnosticsManager] Total swap space: 36.70 GB
2017-06-16 01:58:41.941+0000 INFO [o.n.k.i.DiagnosticsManager] Free swap space: 30.78 GB
2017-06-16 01:58:41.941+0000 INFO [o.n.k.i.DiagnosticsManager] JVM memory information:
2017-06-16 01:58:41.941+0000 INFO [o.n.k.i.DiagnosticsManager] Free  memory: 472.05 MB
2017-06-16 01:58:41.941+0000 INFO [o.n.k.i.DiagnosticsManager] Total memory: 586.50 MB
2017-06-16 01:58:41.941+0000 INFO [o.n.k.i.DiagnosticsManager] Max   memory: 7.10 GB
2017-06-16 01:58:41.969+0000 INFO [o.n.k.i.DiagnosticsManager] Garbage Collector: PS Scavenge: [PS Eden Space, PS Survivor Space]
2017-06-16 01:58:41.969+0000 INFO [o.n.k.i.DiagnosticsManager] Garbage Collector: PS MarkSweep: [PS Eden Space, PS Survivor Space, PS Old Gen]
2017-06-16 01:58:41.970+0000 INFO [o.n.k.i.DiagnosticsManager] Memory Pool: Code Cache (Non-heap memory): committed=9.94 MB, used=9.87 MB, max=240.00 MB, threshold=0.00 B
2017-06-16 01:58:41.970+0000 INFO [o.n.k.i.DiagnosticsManager] Memory Pool: Metaspace (Non-heap memory): committed=24.88 MB, used=23.89 MB, max=-1.00 B, threshold=0.00 B
2017-06-16 01:58:41.971+0000 INFO [o.n.k.i.DiagnosticsManager] Memory Pool: Compressed Class Space (Non-heap memory): committed=3.63 MB, used=3.31 MB, max=1.00 GB, threshold=0.00 B
2017-06-16 01:58:41.971+0000 INFO [o.n.k.i.DiagnosticsManager] Memory Pool: PS Eden Space (Heap memory): committed=128.50 MB, used=11.20 MB, max=2.62 GB, threshold=?
2017-06-16 01:58:41.971+0000 INFO [o.n.k.i.DiagnosticsManager] Memory Pool: PS Survivor Space (Heap memory): committed=21.00 MB, used=0.00 B, max=21.00 MB, threshold=?
2017-06-16 01:58:41.971+0000 INFO [o.n.k.i.DiagnosticsManager] Memory Pool: PS Old Gen (Heap memory): committed=437.00 MB, used=103.25 MB, max=5.33 GB, threshold=0.00 B
2017-06-16 01:58:41.971+0000 INFO [o.n.k.i.DiagnosticsManager] Operating system information:
2017-06-16 01:58:41.971+0000 INFO [o.n.k.i.DiagnosticsManager] Operating System: Windows 10; version: 10.0; arch: amd64; cpus: 8
2017-06-16 01:58:41.983+0000 INFO [o.n.k.i.DiagnosticsManager] Process id: 8568@DESKTOP-CBQLBHF
2017-06-16 01:58:41.983+0000 INFO [o.n.k.i.DiagnosticsManager] Byte order: LITTLE_ENDIAN
2017-06-16 01:58:41.983+0000 INFO [o.n.k.i.DiagnosticsManager] Local timezone: America/New_York
2017-06-16 01:58:41.983+0000 INFO [o.n.k.i.DiagnosticsManager] JVM information:
2017-06-16 01:58:41.983+0000 INFO [o.n.k.i.DiagnosticsManager] VM Name: Java HotSpot(TM) 64-Bit Server VM
2017-06-16 01:58:41.984+0000 INFO [o.n.k.i.DiagnosticsManager] VM Vendor: Oracle Corporation
2017-06-16 01:58:41.984+0000 INFO [o.n.k.i.DiagnosticsManager] VM Version: 25.131-b11
2017-06-16 01:58:41.984+0000 INFO [o.n.k.i.DiagnosticsManager] JIT compiler: HotSpot 64-Bit Tiered Compilers
2017-06-16 01:58:41.984+0000 INFO [o.n.k.i.DiagnosticsManager] VM Arguments: [-Dexe4j.semaphoreName=Local\c:_program_files_neo4j_ce_3.2.1_bin_neo4j-ce.exe, -Dexe4j.isInstall4j=true, -Dexe4j.moduleName=C:\Program Files\Neo4j CE 3.2.1\bin\neo4j-ce.exe, -Dexe4j.tempDir=, -Dexe4j.unextractedPosition=0, -Djava.library.path=C:\Users\SKIPMC~1\AppData\Local\Temp\e4j912.tmp_dir1497578253\user;C:\Program Files (x86)\Google\Chrome\Application;C:\ProgramData\Oracle\Java\javapath;C:\Windows\system32;C:\Windows;C:\Windows\System32\Wbem;C:\Windows\System32\WindowsPowerShell\v1.0\;C:\ProgramData\chocolatey\bin;C:\Program Files\Git\cmd;C:\Program Files\Git\mingw64\bin;C:\Program Files\Git\usr\bin;C:\Program Files (x86)\Windows Kits\10\Windows Performance Toolkit\;C:\Program Files\Microsoft SQL Server\130\Tools\Binn\;C:\Program Files\dotnet\;C:\Program Files (x86)\NVIDIA Corporation\PhysX\Common;C:\WINDOWS\system32;C:\WINDOWS;C:\WINDOWS\System32\Wbem;C:\WINDOWS\System32\WindowsPowerShell\v1.0\;C:\Users\Skip McNeill\AppData\Local\Microsoft\WindowsApps;C:\Program Files (x86)\Microsoft VS Code\bin;C:\Users\Skip McNeill\tools\bin;C:\Python27;C:\Go\bin;C:\ProgramData\Oracle\Java\javapath;;c:\program files\java\jre1.8.0_131\bin;c:\program files\java\jre1.8.0_131\bin, -Dexe4j.consoleCodepage=cp0, -Dinstall4j.launcherId=24, -Dinstall4j.swt=false]
2017-06-16 01:58:41.984+0000 INFO [o.n.k.i.DiagnosticsManager] Java classpath:
2017-06-16 01:58:41.987+0000 INFO [o.n.k.i.DiagnosticsManager]  [bootstrap] C:\Program Files\Java\jre1.8.0_131\lib\jce.jar
2017-06-16 01:58:41.988+0000 INFO [o.n.k.i.DiagnosticsManager]  [loader.1] file:/C:/Program%20Files/Java/jre1.8.0_131/lib/ext/sunjce_provider.jar
2017-06-16 01:58:41.988+0000 INFO [o.n.k.i.DiagnosticsManager]  [bootstrap] C:\Program Files\Java\jre1.8.0_131\lib\charsets.jar
2017-06-16 01:58:41.988+0000 INFO [o.n.k.i.DiagnosticsManager]  [bootstrap] C:\Program Files\Java\jre1.8.0_131\lib\jsse.jar
2017-06-16 01:58:41.988+0000 INFO [o.n.k.i.DiagnosticsManager]  [bootstrap] C:\Program Files\Java\jre1.8.0_131\classes
2017-06-16 01:58:41.988+0000 INFO [o.n.k.i.DiagnosticsManager]  [loader.1] file:/C:/Program%20Files/Java/jre1.8.0_131/lib/ext/jaccess.jar
2017-06-16 01:58:41.988+0000 INFO [o.n.k.i.DiagnosticsManager]  [bootstrap] C:\Program Files\Java\jre1.8.0_131\lib\resources.jar
2017-06-16 01:58:41.988+0000 INFO [o.n.k.i.DiagnosticsManager]  [loader.1] file:/C:/Program%20Files/Java/jre1.8.0_131/lib/ext/access-bridge-64.jar
2017-06-16 01:58:41.988+0000 INFO [o.n.k.i.DiagnosticsManager]  [classpath] C:\Program Files\Neo4j CE 3.2.1\bin\neo4j-desktop-3.2.1.jar
2017-06-16 01:58:41.988+0000 INFO [o.n.k.i.DiagnosticsManager]  [loader.1] file:/C:/Program%20Files/Java/jre1.8.0_131/lib/ext/sunmscapi.jar
2017-06-16 01:58:41.988+0000 INFO [o.n.k.i.DiagnosticsManager]  [loader.1] file:/C:/Program%20Files/Java/jre1.8.0_131/lib/ext/sunpkcs11.jar
2017-06-16 01:58:41.988+0000 INFO [o.n.k.i.DiagnosticsManager]  [loader.0] file:/C:/Program%20Files/Neo4j%20CE%203.2.1/bin/neo4j-desktop-3.2.1.jar
2017-06-16 01:58:41.989+0000 INFO [o.n.k.i.DiagnosticsManager]  [loader.1] file:/C:/Program%20Files/Java/jre1.8.0_131/lib/ext/localedata.jar
2017-06-16 01:58:41.989+0000 INFO [o.n.k.i.DiagnosticsManager]  [classpath] C:\Program Files\Neo4j CE 3.2.1\.install4j\i4jruntime.jar
2017-06-16 01:58:41.989+0000 INFO [o.n.k.i.DiagnosticsManager]  [loader.1] file:/C:/Program%20Files/Java/jre1.8.0_131/lib/ext/cldrdata.jar
2017-06-16 01:58:41.989+0000 INFO [o.n.k.i.DiagnosticsManager]  [bootstrap] C:\Program Files\Java\jre1.8.0_131\lib\sunrsasign.jar
2017-06-16 01:58:41.989+0000 INFO [o.n.k.i.DiagnosticsManager]  [bootstrap] C:\Program Files\Java\jre1.8.0_131\lib\jfr.jar
2017-06-16 01:58:41.989+0000 INFO [o.n.k.i.DiagnosticsManager]  [loader.1] file:/C:/Program%20Files/Java/jre1.8.0_131/lib/ext/sunec.jar
2017-06-16 01:58:41.989+0000 INFO [o.n.k.i.DiagnosticsManager]  [bootstrap] C:\Program Files\Java\jre1.8.0_131\lib\rt.jar
2017-06-16 01:58:41.989+0000 INFO [o.n.k.i.DiagnosticsManager]  [loader.1] file:/C:/Program%20Files/Java/jre1.8.0_131/lib/ext/nashorn.jar
2017-06-16 01:58:41.989+0000 INFO [o.n.k.i.DiagnosticsManager]  [loader.1] file:/C:/Program%20Files/Java/jre1.8.0_131/lib/ext/jfxrt.jar
2017-06-16 01:58:41.989+0000 INFO [o.n.k.i.DiagnosticsManager]  [loader.1] file:/C:/Program%20Files/Java/jre1.8.0_131/lib/ext/zipfs.jar
2017-06-16 01:58:41.989+0000 INFO [o.n.k.i.DiagnosticsManager]  [loader.0] file:/C:/Program%20Files/Neo4j%20CE%203.2.1/.install4j/i4jruntime.jar
2017-06-16 01:58:41.989+0000 INFO [o.n.k.i.DiagnosticsManager]  [loader.1] file:/C:/Program%20Files/Java/jre1.8.0_131/lib/ext/dnsns.jar
2017-06-16 01:58:41.989+0000 INFO [o.n.k.i.DiagnosticsManager] Library path:
2017-06-16 01:58:41.989+0000 INFO [o.n.k.i.DiagnosticsManager] C:\Users\Skip McNeill\AppData\Local\Temp\e4j912.tmp_dir1497578253\user
2017-06-16 01:58:41.990+0000 INFO [o.n.k.i.DiagnosticsManager] C:\Program Files (x86)\Google\Chrome\Application
2017-06-16 01:58:41.990+0000 INFO [o.n.k.i.DiagnosticsManager] C:\ProgramData\Oracle\Java\javapath
2017-06-16 01:58:41.991+0000 INFO [o.n.k.i.DiagnosticsManager] C:\Windows\System32
2017-06-16 01:58:41.991+0000 INFO [o.n.k.i.DiagnosticsManager] C:\Windows
2017-06-16 01:58:41.991+0000 INFO [o.n.k.i.DiagnosticsManager] C:\Windows\System32\wbem
2017-06-16 01:58:41.991+0000 INFO [o.n.k.i.DiagnosticsManager] C:\Windows\System32\WindowsPowerShell\v1.0
2017-06-16 01:58:41.992+0000 INFO [o.n.k.i.DiagnosticsManager] C:\ProgramData\chocolatey\bin
2017-06-16 01:58:41.992+0000 INFO [o.n.k.i.DiagnosticsManager] C:\Program Files\Git\cmd
2017-06-16 01:58:41.992+0000 INFO [o.n.k.i.DiagnosticsManager] C:\Program Files\Git\mingw64\bin
2017-06-16 01:58:41.992+0000 INFO [o.n.k.i.DiagnosticsManager] C:\Program Files\Git\usr\bin
2017-06-16 01:58:41.993+0000 INFO [o.n.k.i.DiagnosticsManager] C:\Program Files (x86)\Windows Kits\10\Windows Performance Toolkit
2017-06-16 01:58:41.993+0000 INFO [o.n.k.i.DiagnosticsManager] C:\Program Files\Microsoft SQL Server\130\Tools\Binn
2017-06-16 01:58:41.993+0000 INFO [o.n.k.i.DiagnosticsManager] C:\Program Files\dotnet
2017-06-16 01:58:41.994+0000 INFO [o.n.k.i.DiagnosticsManager] C:\Program Files (x86)\NVIDIA Corporation\PhysX\Common
2017-06-16 01:58:41.994+0000 INFO [o.n.k.i.DiagnosticsManager] C:\Windows\System32
2017-06-16 01:58:41.994+0000 INFO [o.n.k.i.DiagnosticsManager] C:\Windows
2017-06-16 01:58:41.994+0000 INFO [o.n.k.i.DiagnosticsManager] C:\Windows\System32\wbem
2017-06-16 01:58:41.995+0000 INFO [o.n.k.i.DiagnosticsManager] C:\Windows\System32\WindowsPowerShell\v1.0
2017-06-16 01:58:41.995+0000 INFO [o.n.k.i.DiagnosticsManager] C:\Users\Skip McNeill\AppData\Local\Microsoft\WindowsApps
2017-06-16 01:58:41.995+0000 INFO [o.n.k.i.DiagnosticsManager] C:\Program Files (x86)\Microsoft VS Code\bin
2017-06-16 01:58:41.996+0000 INFO [o.n.k.i.DiagnosticsManager] C:\Users\Skip McNeill\tools\bin
2017-06-16 01:58:41.996+0000 INFO [o.n.k.i.DiagnosticsManager] C:\Python27
2017-06-16 01:58:41.996+0000 INFO [o.n.k.i.DiagnosticsManager] C:\Go\bin
2017-06-16 01:58:41.996+0000 INFO [o.n.k.i.DiagnosticsManager] C:\ProgramData\Oracle\Java\javapath
2017-06-16 01:58:41.997+0000 INFO [o.n.k.i.DiagnosticsManager] C:\Program Files\Neo4j CE 3.2.1\bin
2017-06-16 01:58:41.997+0000 INFO [o.n.k.i.DiagnosticsManager] C:\Program Files\Java\jre1.8.0_131\bin
2017-06-16 01:58:41.997+0000 INFO [o.n.k.i.DiagnosticsManager] C:\Program Files\Java\jre1.8.0_131\bin
2017-06-16 01:58:41.997+0000 INFO [o.n.k.i.DiagnosticsManager] System.properties:
2017-06-16 01:58:41.997+0000 INFO [o.n.k.i.DiagnosticsManager] exe4j.moduleName = C:\Program Files\Neo4j CE 3.2.1\bin\neo4j-ce.exe
2017-06-16 01:58:41.997+0000 INFO [o.n.k.i.DiagnosticsManager] exe4j.semaphoreName = Local\c:_program_files_neo4j_ce_3.2.1_bin_neo4j-ce.exe
2017-06-16 01:58:41.997+0000 INFO [o.n.k.i.DiagnosticsManager] sun.boot.library.path = c:\program files\java\jre1.8.0_131\bin
2017-06-16 01:58:41.997+0000 INFO [o.n.k.i.DiagnosticsManager] exe4j.consoleCodepage = cp0
2017-06-16 01:58:41.997+0000 INFO [o.n.k.i.DiagnosticsManager] path.separator = ;
2017-06-16 01:58:41.997+0000 INFO [o.n.k.i.DiagnosticsManager] file.encoding.pkg = sun.io
2017-06-16 01:58:41.997+0000 INFO [o.n.k.i.DiagnosticsManager] user.country = US
2017-06-16 01:58:41.997+0000 INFO [o.n.k.i.DiagnosticsManager] user.script = 
2017-06-16 01:58:41.997+0000 INFO [o.n.k.i.DiagnosticsManager] sun.os.patch.level = 
2017-06-16 01:58:41.997+0000 INFO [o.n.k.i.DiagnosticsManager] install4j.exeDir = C:\Program Files\Neo4j CE 3.2.1\bin\
2017-06-16 01:58:41.997+0000 INFO [o.n.k.i.DiagnosticsManager] user.dir = C:\Program Files\Neo4j CE 3.2.1\bin
2017-06-16 01:58:41.998+0000 INFO [o.n.k.i.DiagnosticsManager] user.variant = 
2017-06-16 01:58:41.998+0000 INFO [o.n.k.i.DiagnosticsManager] exe4j.tempDir = 
2017-06-16 01:58:41.998+0000 INFO [o.n.k.i.DiagnosticsManager] sun.jnu.encoding = Cp1252
2017-06-16 01:58:41.998+0000 INFO [o.n.k.i.DiagnosticsManager] unsupported.dbms.udc.source = desktop
2017-06-16 01:58:41.998+0000 INFO [o.n.k.i.DiagnosticsManager] sun.awt.enableExtraMouseButtons = true
2017-06-16 01:58:41.998+0000 INFO [o.n.k.i.DiagnosticsManager] install4j.launcherId = 24
2017-06-16 01:58:41.998+0000 INFO [o.n.k.i.DiagnosticsManager] sun.management.compiler = HotSpot 64-Bit Tiered Compilers
2017-06-16 01:58:41.998+0000 INFO [o.n.k.i.DiagnosticsManager] exe4j.isInstall4j = true
2017-06-16 01:58:41.998+0000 INFO [o.n.k.i.DiagnosticsManager] install4j.swt = false
2017-06-16 01:58:41.998+0000 INFO [o.n.k.i.DiagnosticsManager] user.home = C:\Users\Skip McNeill
2017-06-16 01:58:41.998+0000 INFO [o.n.k.i.DiagnosticsManager] user.timezone = America/New_York
2017-06-16 01:58:41.998+0000 INFO [o.n.k.i.DiagnosticsManager] file.encoding = Cp1252
2017-06-16 01:58:41.998+0000 INFO [o.n.k.i.DiagnosticsManager] user.name = Skip McNeill
2017-06-16 01:58:41.998+0000 INFO [o.n.k.i.DiagnosticsManager] sun.java.command = C:\Program Files\Neo4j CE 3.2.1\bin\neo4j-ce.exe
2017-06-16 01:58:41.998+0000 INFO [o.n.k.i.DiagnosticsManager] sun.arch.data.model = 64
2017-06-16 01:58:41.998+0000 INFO [o.n.k.i.DiagnosticsManager] exe4j.launchName = C:\PROGRA~1\NEO4JC~1.1\bin\neo4j-ce.exe
2017-06-16 01:58:41.998+0000 INFO [o.n.k.i.DiagnosticsManager] user.language = en
2017-06-16 01:58:41.998+0000 INFO [o.n.k.i.DiagnosticsManager] awt.toolkit = sun.awt.windows.WToolkit
2017-06-16 01:58:41.998+0000 INFO [o.n.k.i.DiagnosticsManager] exe4j.unextractedPosition = 0
2017-06-16 01:58:41.998+0000 INFO [o.n.k.i.DiagnosticsManager] install4j.appDir = C:\Program Files\Neo4j CE 3.2.1\
2017-06-16 01:58:41.998+0000 INFO [o.n.k.i.DiagnosticsManager] file.separator = \
2017-06-16 01:58:41.998+0000 INFO [o.n.k.i.DiagnosticsManager] sun.io.unicode.encoding = UnicodeLittle
2017-06-16 01:58:41.998+0000 INFO [o.n.k.i.DiagnosticsManager] sun.cpu.endian = little
2017-06-16 01:58:41.998+0000 INFO [o.n.k.i.DiagnosticsManager] sun.desktop = windows
2017-06-16 01:58:41.998+0000 INFO [o.n.k.i.DiagnosticsManager] sun.cpu.isalist = amd64
2017-06-16 01:58:41.998+0000 INFO [o.n.k.i.DiagnosticsManager] Network information:
2017-06-16 01:58:42.014+0000 INFO [o.n.k.i.DiagnosticsManager] Interface Software Loopback Interface 1:
2017-06-16 01:58:42.014+0000 INFO [o.n.k.i.DiagnosticsManager]     address: 127.0.0.1
2017-06-16 01:58:42.015+0000 INFO [o.n.k.i.DiagnosticsManager]     address: 0:0:0:0:0:0:0:1
2017-06-16 01:58:42.015+0000 INFO [o.n.k.i.DiagnosticsManager] Interface WAN Miniport (PPPOE):
2017-06-16 01:58:42.015+0000 INFO [o.n.k.i.DiagnosticsManager] Interface WAN Miniport (SSTP):
2017-06-16 01:58:42.015+0000 INFO [o.n.k.i.DiagnosticsManager] Interface Killer E2400 Gigabit Ethernet Controller:
2017-06-16 01:58:42.015+0000 INFO [o.n.k.i.DiagnosticsManager]     address: fe80:0:0:0:4ded:be1f:9209:f4e9%eth0
2017-06-16 01:58:42.015+0000 INFO [o.n.k.i.DiagnosticsManager] Interface WAN Miniport (L2TP):
2017-06-16 01:58:42.015+0000 INFO [o.n.k.i.DiagnosticsManager] Interface Microsoft Kernel Debug Network Adapter:
2017-06-16 01:58:42.015+0000 INFO [o.n.k.i.DiagnosticsManager] Interface Intel(R) Ethernet Connection (2) I219-V:
2017-06-16 01:58:42.015+0000 INFO [o.n.k.i.DiagnosticsManager]     address: 192.168.1.164
2017-06-16 01:58:42.015+0000 INFO [o.n.k.i.DiagnosticsManager]     address: fe80:0:0:0:792a:51ea:29f1:ada8%eth2
2017-06-16 01:58:42.015+0000 INFO [o.n.k.i.DiagnosticsManager] Interface Teredo Tunneling Pseudo-Interface:
2017-06-16 01:58:42.015+0000 INFO [o.n.k.i.DiagnosticsManager]     address: 2001:0:5ef5:79fb:3494:3df3:9f0e:df0f
2017-06-16 01:58:42.015+0000 INFO [o.n.k.i.DiagnosticsManager]     address: fe80:0:0:0:3494:3df3:9f0e:df0f%net2
2017-06-16 01:58:42.015+0000 INFO [o.n.k.i.DiagnosticsManager] Interface WAN Miniport (IKEv2):
2017-06-16 01:58:42.015+0000 INFO [o.n.k.i.DiagnosticsManager] Interface WAN Miniport (PPTP):
2017-06-16 01:58:42.015+0000 INFO [o.n.k.i.DiagnosticsManager] Interface WAN Miniport (Network Monitor):
2017-06-16 01:58:42.015+0000 INFO [o.n.k.i.DiagnosticsManager] Interface WAN Miniport (IP):
2017-06-16 01:58:42.015+0000 INFO [o.n.k.i.DiagnosticsManager] Interface WAN Miniport (IPv6):
2017-06-16 01:58:42.015+0000 INFO [o.n.k.i.DiagnosticsManager] Interface Killer E2400 Gigabit Ethernet Controller-WFP Native MAC Layer LightWeight Filter-0000:
2017-06-16 01:58:42.015+0000 INFO [o.n.k.i.DiagnosticsManager] Interface Killer E2400 Gigabit Ethernet Controller-QoS Packet Scheduler-0000:
2017-06-16 01:58:42.015+0000 INFO [o.n.k.i.DiagnosticsManager] Interface Killer E2400 Gigabit Ethernet Controller-WFP 802.3 MAC Layer LightWeight Filter-0000:
2017-06-16 01:58:42.015+0000 INFO [o.n.k.i.DiagnosticsManager] Interface Intel(R) Ethernet Connection (2) I219-V-WFP Native MAC Layer LightWeight Filter-0000:
2017-06-16 01:58:42.015+0000 INFO [o.n.k.i.DiagnosticsManager] Interface Intel(R) Ethernet Connection (2) I219-V-QoS Packet Scheduler-0000:
2017-06-16 01:58:42.015+0000 INFO [o.n.k.i.DiagnosticsManager] Interface Intel(R) Ethernet Connection (2) I219-V-WFP 802.3 MAC Layer LightWeight Filter-0000:
2017-06-16 01:58:42.015+0000 INFO [o.n.k.i.DiagnosticsManager] --- INITIALIZED diagnostics END ---
2017-06-16 01:58:42.449+0000 INFO [o.n.b.v.r.WorkerFactory] Bolt Server extension loaded.
2017-06-16 01:58:42.452+0000 INFO [o.n.b.v.r.WorkerFactory] Bolt enabled on 127.0.0.1:7687.
2017-06-16 01:58:42.575+0000 INFO [o.n.k.i.s.f.RecordFormatSelector] Selected format 'RecordFormat:StandardV3_2[v0.A.8]' for the new store
2017-06-16 01:58:43.083+0000 INFO [o.n.k.i.a.i.IndexingService] IndexingService.init: indexes not specifically mentioned above are null
2017-06-16 01:58:43.086+0000 INFO [o.n.k.i.i.l.NativeLabelScanStore] No scan store found, this might just be first use. Preparing to rebuild.
2017-06-16 01:58:43.112+0000 INFO [o.n.k.NeoStoreDataSource] Opened logical log [C:\Users\Skip McNeill\Documents\dev\storygen\resources\neo4j.graphdb\neostore.transaction.db.0] version=0, lastTxId=1 (clean)
2017-06-16 01:58:43.116+0000 INFO [o.n.k.NeoStoreDataSource] No commits found after last check point (which is at <no log position given>)
2017-06-16 01:58:43.122+0000 WARN [o.n.k.i.s.MetaDataStore] Missing counts store, rebuilding it.
2017-06-16 01:58:43.261+0000 WARN [o.n.k.i.s.MetaDataStore] Counts store rebuild completed.
2017-06-16 01:58:43.303+0000 INFO [o.n.k.i.a.i.IndexingService] IndexingService.start: indexes not specifically mentioned above are null
2017-06-16 01:58:43.311+0000 INFO [o.n.k.i.i.l.NativeLabelScanStore] Rebuilding scan store, this may take a while
2017-06-16 01:58:43.347+0000 INFO [o.n.k.i.i.l.NativeLabelScanStore] Scan store rebuilt (roughly 0 nodes)
2017-06-16 01:58:43.355+0000 INFO [o.n.k.i.DatabaseHealth] Database health set to OK
2017-06-16 01:58:43.682+0000 INFO [o.n.k.AvailabilityGuard] Fulfilling of requirement makes database available: Database available
2017-06-16 01:58:43.687+0000 INFO [o.n.k.i.f.GraphDatabaseFacadeFactory] Database is now ready
2017-06-16 01:58:43.690+0000 INFO [o.n.k.i.DiagnosticsManager] --- STARTED diagnostics for KernelDiagnostics:Versions START ---
2017-06-16 01:58:43.693+0000 INFO [o.n.k.i.DiagnosticsManager] Graph Database: community single StoreId{creationTime=1497578322984, randomId=-7725263832577078686, storeVersion=15813456178476550, upgradeTime=1497578322984, upgradeId=1}
2017-06-16 01:58:43.696+0000 INFO [o.n.k.i.DiagnosticsManager] Kernel version: 3.2.1
2017-06-16 01:58:43.699+0000 INFO [o.n.k.i.DiagnosticsManager] --- STARTED diagnostics for KernelDiagnostics:Versions END ---
2017-06-16 01:58:43.703+0000 INFO [o.n.k.i.DiagnosticsManager] --- STARTED diagnostics for NEO_STORE_VERSIONS START ---
2017-06-16 01:58:43.706+0000 INFO [o.n.k.i.DiagnosticsManager] Store versions:
2017-06-16 01:58:43.709+0000 INFO [o.n.k.i.DiagnosticsManager] Store versions:
2017-06-16 01:58:43.712+0000 INFO [o.n.k.i.DiagnosticsManager]   ArrayPropertyStore v0.A.8
2017-06-16 01:58:43.715+0000 INFO [o.n.k.i.DiagnosticsManager]   NodeStore v0.A.8
2017-06-16 01:58:43.718+0000 INFO [o.n.k.i.DiagnosticsManager]   StringPropertyStore v0.A.8
2017-06-16 01:58:43.721+0000 INFO [o.n.k.i.DiagnosticsManager]   PropertyIndexStore v0.A.8
2017-06-16 01:58:43.724+0000 INFO [o.n.k.i.DiagnosticsManager]   StringPropertyStore v0.A.8
2017-06-16 01:58:43.727+0000 INFO [o.n.k.i.DiagnosticsManager]   ArrayPropertyStore v0.A.8
2017-06-16 01:58:43.730+0000 INFO [o.n.k.i.DiagnosticsManager]   PropertyStore v0.A.8
2017-06-16 01:58:43.733+0000 INFO [o.n.k.i.DiagnosticsManager]   RelationshipStore v0.A.8
2017-06-16 01:58:43.736+0000 INFO [o.n.k.i.DiagnosticsManager]   StringPropertyStore v0.A.8
2017-06-16 01:58:43.738+0000 INFO [o.n.k.i.DiagnosticsManager]   RelationshipTypeStore v0.A.8
2017-06-16 01:58:43.741+0000 INFO [o.n.k.i.DiagnosticsManager]   StringPropertyStore v0.A.8
2017-06-16 01:58:43.743+0000 INFO [o.n.k.i.DiagnosticsManager]   LabelTokenStore v0.A.8
2017-06-16 01:58:43.746+0000 INFO [o.n.k.i.DiagnosticsManager]   SchemaStore v0.A.8
2017-06-16 01:58:43.749+0000 INFO [o.n.k.i.DiagnosticsManager]   RelationshipGroupStore v0.A.8
2017-06-16 01:58:43.752+0000 INFO [o.n.k.i.DiagnosticsManager]   NeoStore v0.A.8
2017-06-16 01:58:43.754+0000 INFO [o.n.k.i.DiagnosticsManager] --- STARTED diagnostics for NEO_STORE_VERSIONS END ---
2017-06-16 01:58:43.757+0000 INFO [o.n.k.i.DiagnosticsManager] --- STARTED diagnostics for NEO_STORE_ID_USAGE START ---
2017-06-16 01:58:43.759+0000 INFO [o.n.k.i.DiagnosticsManager] Id usage:
2017-06-16 01:58:43.762+0000 INFO [o.n.k.i.DiagnosticsManager] Id usage:
2017-06-16 01:58:43.765+0000 INFO [o.n.k.i.DiagnosticsManager]   ArrayPropertyStore: used=1 high=0
2017-06-16 01:58:43.767+0000 INFO [o.n.k.i.DiagnosticsManager]   NodeStore: used=0 high=-1
2017-06-16 01:58:43.770+0000 INFO [o.n.k.i.DiagnosticsManager]   StringPropertyStore: used=1 high=0
2017-06-16 01:58:43.773+0000 INFO [o.n.k.i.DiagnosticsManager]   PropertyIndexStore: used=0 high=-1
2017-06-16 01:58:43.775+0000 INFO [o.n.k.i.DiagnosticsManager]   StringPropertyStore: used=1 high=0
2017-06-16 01:58:43.778+0000 INFO [o.n.k.i.DiagnosticsManager]   ArrayPropertyStore: used=1 high=0
2017-06-16 01:58:43.780+0000 INFO [o.n.k.i.DiagnosticsManager]   PropertyStore: used=0 high=-1
2017-06-16 01:58:43.783+0000 INFO [o.n.k.i.DiagnosticsManager]   RelationshipStore: used=0 high=-1
2017-06-16 01:58:43.785+0000 INFO [o.n.k.i.DiagnosticsManager]   StringPropertyStore: used=1 high=0
2017-06-16 01:58:43.788+0000 INFO [o.n.k.i.DiagnosticsManager]   RelationshipTypeStore: used=0 high=-1
2017-06-16 01:58:43.791+0000 INFO [o.n.k.i.DiagnosticsManager]   StringPropertyStore: used=1 high=0
2017-06-16 01:58:43.794+0000 INFO [o.n.k.i.DiagnosticsManager]   LabelTokenStore: used=0 high=-1
2017-06-16 01:58:43.796+0000 INFO [o.n.k.i.DiagnosticsManager]   SchemaStore: used=1 high=0
2017-06-16 01:58:43.799+0000 INFO [o.n.k.i.DiagnosticsManager]   RelationshipGroupStore: used=1 high=0
2017-06-16 01:58:43.802+0000 INFO [o.n.k.i.DiagnosticsManager]   NeoStore: used=15 high=14
2017-06-16 01:58:43.804+0000 INFO [o.n.k.i.DiagnosticsManager] --- STARTED diagnostics for NEO_STORE_ID_USAGE END ---
2017-06-16 01:58:43.806+0000 INFO [o.n.k.i.DiagnosticsManager] --- STARTED diagnostics for NEO_STORE_RECORDS START ---
2017-06-16 01:58:43.808+0000 INFO [o.n.k.i.DiagnosticsManager] Neostore records:
2017-06-16 01:58:43.811+0000 INFO [o.n.k.i.DiagnosticsManager] TIME (Creation time): 1497578322984
2017-06-16 01:58:43.813+0000 INFO [o.n.k.i.DiagnosticsManager] RANDOM_NUMBER (Random number for store id): -7725263832577078686
2017-06-16 01:58:43.816+0000 INFO [o.n.k.i.DiagnosticsManager] LOG_VERSION (Current log version): 0
2017-06-16 01:58:43.818+0000 INFO [o.n.k.i.DiagnosticsManager] LAST_TRANSACTION_ID (Last committed transaction): 1
2017-06-16 01:58:43.820+0000 INFO [o.n.k.i.DiagnosticsManager] STORE_VERSION (Store format version): 15813456178476550
2017-06-16 01:58:43.822+0000 INFO [o.n.k.i.DiagnosticsManager] FIRST_GRAPH_PROPERTY (First property record containing graph properties): -1
2017-06-16 01:58:43.824+0000 INFO [o.n.k.i.DiagnosticsManager] LAST_CONSTRAINT_TRANSACTION (Last committed transaction containing constraint changes): 0
2017-06-16 01:58:43.827+0000 INFO [o.n.k.i.DiagnosticsManager] UPGRADE_TRANSACTION_ID (Transaction id most recent upgrade was performed at): 1
2017-06-16 01:58:43.829+0000 INFO [o.n.k.i.DiagnosticsManager] UPGRADE_TIME (Time of last upgrade): 1497578322984
2017-06-16 01:58:43.831+0000 INFO [o.n.k.i.DiagnosticsManager] LAST_TRANSACTION_CHECKSUM (Checksum of last committed transaction): 0
2017-06-16 01:58:43.833+0000 INFO [o.n.k.i.DiagnosticsManager] UPGRADE_TRANSACTION_CHECKSUM (Checksum of transaction id the most recent upgrade was performed at): 0
2017-06-16 01:58:43.836+0000 INFO [o.n.k.i.DiagnosticsManager] LAST_CLOSED_TRANSACTION_LOG_VERSION (Log version where the last transaction commit entry has been written into): 0
2017-06-16 01:58:43.838+0000 INFO [o.n.k.i.DiagnosticsManager] LAST_CLOSED_TRANSACTION_LOG_BYTE_OFFSET (Byte offset in the log file where the last transaction commit entry has been written into): 16
2017-06-16 01:58:43.840+0000 INFO [o.n.k.i.DiagnosticsManager] LAST_TRANSACTION_COMMIT_TIMESTAMP (Commit time timestamp for last committed transaction): 0
2017-06-16 01:58:43.843+0000 INFO [o.n.k.i.DiagnosticsManager] UPGRADE_TRANSACTION_COMMIT_TIMESTAMP (Commit timestamp of transaction the most recent upgrade was performed at): 0
2017-06-16 01:58:43.845+0000 INFO [o.n.k.i.DiagnosticsManager] --- STARTED diagnostics for NEO_STORE_RECORDS END ---
2017-06-16 01:58:43.848+0000 INFO [o.n.k.i.DiagnosticsManager] --- STARTED diagnostics for TRANSACTION_RANGE START ---
2017-06-16 01:58:43.851+0000 INFO [o.n.k.i.DiagnosticsManager] Transaction log:
2017-06-16 01:58:43.853+0000 INFO [o.n.k.i.DiagnosticsManager] No transactions found in any log
2017-06-16 01:58:43.856+0000 INFO [o.n.k.i.DiagnosticsManager] --- STARTED diagnostics for TRANSACTION_RANGE END ---
2017-06-16 01:58:43.858+0000 INFO [o.n.k.i.DiagnosticsManager] --- STARTED diagnostics for KernelDiagnostics:StoreFiles START ---
2017-06-16 01:58:43.861+0000 INFO [o.n.k.i.DiagnosticsManager] Disk space on partition (Total / Free / Free %): 1999337144320 / 783967920128 / 39
Storage files: (filename : modification date - size)
2017-06-16 01:58:43.864+0000 INFO [o.n.k.i.DiagnosticsManager]   certificates:
2017-06-16 01:58:43.867+0000 INFO [o.n.k.i.DiagnosticsManager]     neo4j.cert: 2017-06-15T21:58:41-0400 - 1002.00 B
2017-06-16 01:58:43.869+0000 INFO [o.n.k.i.DiagnosticsManager]     neo4j.key: 2017-06-15T21:58:41-0400 - 1.69 kB
2017-06-16 01:58:43.871+0000 INFO [o.n.k.i.DiagnosticsManager]   - Total: 2017-06-15T21:58:41-0400 - 2.67 kB
2017-06-16 01:58:43.873+0000 INFO [o.n.k.i.DiagnosticsManager]   data:
2017-06-16 01:58:43.876+0000 INFO [o.n.k.i.DiagnosticsManager]     dbms:
2017-06-16 01:58:43.878+0000 INFO [o.n.k.i.DiagnosticsManager]       auth: 2017-06-15T21:58:43-0400 - 137.00 B
2017-06-16 01:58:43.880+0000 INFO [o.n.k.i.DiagnosticsManager]     - Total: 2017-06-15T21:58:43-0400 - 137.00 B
2017-06-16 01:58:43.882+0000 INFO [o.n.k.i.DiagnosticsManager]   - Total: 2017-06-15T21:58:43-0400 - 137.00 B
2017-06-16 01:58:43.885+0000 INFO [o.n.k.i.DiagnosticsManager]   index:
2017-06-16 01:58:43.887+0000 INFO [o.n.k.i.DiagnosticsManager]   - Total: 2017-06-15T21:58:43-0400 - 0.00 B
2017-06-16 01:58:43.889+0000 INFO [o.n.k.i.DiagnosticsManager]   logs:
2017-06-16 01:58:43.891+0000 INFO [o.n.k.i.DiagnosticsManager]     debug.log: 2017-06-15T21:58:42-0400 - 30.17 kB
2017-06-16 01:58:43.894+0000 INFO [o.n.k.i.DiagnosticsManager]   - Total: 2017-06-15T21:58:41-0400 - 30.17 kB
2017-06-16 01:58:43.896+0000 INFO [o.n.k.i.DiagnosticsManager]   neostore: 2017-06-15T21:58:42-0400 - 8.00 kB
2017-06-16 01:58:43.898+0000 INFO [o.n.k.i.DiagnosticsManager]   neostore.counts.db.a: 2017-06-15T21:58:43-0400 - 96.00 B
2017-06-16 01:58:43.901+0000 INFO [o.n.k.i.DiagnosticsManager]   neostore.id: 2017-06-15T21:58:42-0400 - 9.00 B
2017-06-16 01:58:43.909+0000 INFO [o.n.k.i.DiagnosticsManager]   neostore.labelscanstore.db: 2017-06-15T21:58:43-0400 - 40.00 kB
2017-06-16 01:58:43.911+0000 INFO [o.n.k.i.DiagnosticsManager]   neostore.labeltokenstore.db: 2017-06-15T21:58:42-0400 - 0.00 B
2017-06-16 01:58:43.914+0000 INFO [o.n.k.i.DiagnosticsManager]   neostore.labeltokenstore.db.id: 2017-06-15T21:58:42-0400 - 9.00 B
2017-06-16 01:58:43.916+0000 INFO [o.n.k.i.DiagnosticsManager]   neostore.labeltokenstore.db.names: 2017-06-15T21:58:42-0400 - 8.00 kB
2017-06-16 01:58:43.918+0000 INFO [o.n.k.i.DiagnosticsManager]   neostore.labeltokenstore.db.names.id: 2017-06-15T21:58:42-0400 - 9.00 B
2017-06-16 01:58:43.921+0000 INFO [o.n.k.i.DiagnosticsManager]   neostore.nodestore.db: 2017-06-15T21:58:42-0400 - 0.00 B
2017-06-16 01:58:43.923+0000 INFO [o.n.k.i.DiagnosticsManager]   neostore.nodestore.db.id: 2017-06-15T21:58:42-0400 - 9.00 B
2017-06-16 01:58:43.925+0000 INFO [o.n.k.i.DiagnosticsManager]   neostore.nodestore.db.labels: 2017-06-15T21:58:42-0400 - 8.00 kB
2017-06-16 01:58:43.928+0000 INFO [o.n.k.i.DiagnosticsManager]   neostore.nodestore.db.labels.id: 2017-06-15T21:58:42-0400 - 9.00 B
2017-06-16 01:58:43.930+0000 INFO [o.n.k.i.DiagnosticsManager]   neostore.propertystore.db: 2017-06-15T21:58:42-0400 - 0.00 B
2017-06-16 01:58:43.932+0000 INFO [o.n.k.i.DiagnosticsManager]   neostore.propertystore.db.arrays: 2017-06-15T21:58:42-0400 - 8.00 kB
2017-06-16 01:58:43.935+0000 INFO [o.n.k.i.DiagnosticsManager]   neostore.propertystore.db.arrays.id: 2017-06-15T21:58:42-0400 - 9.00 B
2017-06-16 01:58:43.937+0000 INFO [o.n.k.i.DiagnosticsManager]   neostore.propertystore.db.id: 2017-06-15T21:58:42-0400 - 9.00 B
2017-06-16 01:58:43.940+0000 INFO [o.n.k.i.DiagnosticsManager]   neostore.propertystore.db.index: 2017-06-15T21:58:42-0400 - 0.00 B
2017-06-16 01:58:43.942+0000 INFO [o.n.k.i.DiagnosticsManager]   neostore.propertystore.db.index.id: 2017-06-15T21:58:42-0400 - 9.00 B
2017-06-16 01:58:43.945+0000 INFO [o.n.k.i.DiagnosticsManager]   neostore.propertystore.db.index.keys: 2017-06-15T21:58:42-0400 - 8.00 kB
2017-06-16 01:58:43.947+0000 INFO [o.n.k.i.DiagnosticsManager]   neostore.propertystore.db.index.keys.id: 2017-06-15T21:58:42-0400 - 9.00 B
2017-06-16 01:58:43.950+0000 INFO [o.n.k.i.DiagnosticsManager]   neostore.propertystore.db.strings: 2017-06-15T21:58:42-0400 - 8.00 kB
2017-06-16 01:58:43.952+0000 INFO [o.n.k.i.DiagnosticsManager]   neostore.propertystore.db.strings.id: 2017-06-15T21:58:42-0400 - 9.00 B
2017-06-16 01:58:43.955+0000 INFO [o.n.k.i.DiagnosticsManager]   neostore.relationshipgroupstore.db: 2017-06-15T21:58:42-0400 - 8.00 kB
2017-06-16 01:58:43.957+0000 INFO [o.n.k.i.DiagnosticsManager]   neostore.relationshipgroupstore.db.id: 2017-06-15T21:58:42-0400 - 9.00 B
2017-06-16 01:58:43.959+0000 INFO [o.n.k.i.DiagnosticsManager]   neostore.relationshipstore.db: 2017-06-15T21:58:42-0400 - 0.00 B
2017-06-16 01:58:43.962+0000 INFO [o.n.k.i.DiagnosticsManager]   neostore.relationshipstore.db.id: 2017-06-15T21:58:42-0400 - 9.00 B
2017-06-16 01:58:43.964+0000 INFO [o.n.k.i.DiagnosticsManager]   neostore.relationshiptypestore.db: 2017-06-15T21:58:42-0400 - 0.00 B
2017-06-16 01:58:43.966+0000 INFO [o.n.k.i.DiagnosticsManager]   neostore.relationshiptypestore.db.id: 2017-06-15T21:58:42-0400 - 9.00 B
2017-06-16 01:58:43.969+0000 INFO [o.n.k.i.DiagnosticsManager]   neostore.relationshiptypestore.db.names: 2017-06-15T21:58:42-0400 - 8.00 kB
2017-06-16 01:58:43.971+0000 INFO [o.n.k.i.DiagnosticsManager]   neostore.relationshiptypestore.db.names.id: 2017-06-15T21:58:42-0400 - 9.00 B
2017-06-16 01:58:43.973+0000 INFO [o.n.k.i.DiagnosticsManager]   neostore.schemastore.db: 2017-06-15T21:58:42-0400 - 8.00 kB
2017-06-16 01:58:43.976+0000 INFO [o.n.k.i.DiagnosticsManager]   neostore.schemastore.db.id: 2017-06-15T21:58:42-0400 - 9.00 B
2017-06-16 01:58:43.978+0000 INFO [o.n.k.i.DiagnosticsManager]   neostore.transaction.db.0: 2017-06-15T21:58:43-0400 - 16.00 B
2017-06-16 01:58:43.981+0000 INFO [o.n.k.i.DiagnosticsManager]   store_lock: 2017-06-15T21:58:42-0400 - 0.00 B
2017-06-16 01:58:43.983+0000 INFO [o.n.k.i.DiagnosticsManager] --- STARTED diagnostics for KernelDiagnostics:StoreFiles END ---
2017-06-16 01:58:44.350+0000 WARN [o.n.k.i.c.MonitorGc] GC Monitor: Application threads blocked for 268ms.
2017-06-16 01:58:45.074+0000 INFO [o.n.k.i.DiagnosticsManager] --- SERVER STARTED START ---
2017-06-16 01:58:45.813+0000 INFO [o.n.k.i.DiagnosticsManager] --- SERVER STARTED END ---
2017-06-16 02:01:05.853+0000 ERROR [o.n.k.i.u.w.DefaultFileDeletionEventListener] 'db.cypher' which belongs to the store was deleted while database was running.
2017-06-16 02:01:46.911+0000 INFO [o.n.k.i.f.GraphDatabaseFacadeFactory] Shutdown started
2017-06-16 02:01:46.924+0000 INFO [o.n.k.i.f.GraphDatabaseFacadeFactory] Database is now unavailable
2017-06-16 02:01:46.949+0000 INFO [o.n.k.i.t.l.c.CheckPointerImpl] Check Pointing triggered by database shutdown [1]:  Starting check pointing...
2017-06-16 02:01:46.961+0000 INFO [o.n.k.i.t.l.c.CheckPointerImpl] Check Pointing triggered by database shutdown [1]:  Starting store flush...
2017-06-16 02:01:46.985+0000 INFO [o.n.k.i.t.l.c.CheckPointerImpl] Check Pointing triggered by database shutdown [1]:  Store flush completed
2017-06-16 02:01:46.992+0000 INFO [o.n.k.i.t.l.c.CheckPointerImpl] Check Pointing triggered by database shutdown [1]:  Starting appending check point entry into the tx log...
2017-06-16 02:01:47.008+0000 INFO [o.n.k.i.t.l.c.CheckPointerImpl] Check Pointing triggered by database shutdown [1]:  Appending check point entry into the tx log completed
2017-06-16 02:01:47.015+0000 INFO [o.n.k.i.t.l.c.CheckPointerImpl] Check Pointing triggered by database shutdown [1]:  Check pointing completed
2017-06-16 02:01:47.020+0000 INFO [o.n.k.i.t.l.p.LogPruningImpl] Log Rotation [0]:  Starting log pruning.
2017-06-16 02:01:47.024+0000 INFO [o.n.k.i.t.l.p.LogPruningImpl] Log Rotation [0]:  Log pruning complete.
2017-06-16 02:01:47.272+0000 INFO [o.n.k.i.DiagnosticsManager] --- STOPPING diagnostics START ---
2017-06-16 02:01:47.272+0000 INFO [o.n.k.i.DiagnosticsManager] --- STOPPING diagnostics END ---
